<?xml version="1.0" encoding="UTF-8"?>
<!-- Generated by org.testng.reporters.JUnitReportReporter -->
<testsuite hostname="MDVLSENTHILN" name="com.uploadproject.test.TestFacebookPhotoUpload" tests="1" failures="0" timestamp="15 Aug 2018 12:34:01 GMT" time="66.497" errors="0">
  <testcase name="loginToFacebook" time="66.497" classname="com.uploadproject.test.TestFacebookPhotoUpload"/>
</testsuite> <!-- com.uploadproject.test.TestFacebookPhotoUpload -->
