<?xml version="1.0" encoding="UTF-8"?>
<!-- Generated by org.testng.reporters.JUnitReportReporter -->
<testsuite hostname="MDVLSENTHILN" name="com.testfacebooklogin.test.TestFacebookLogin" tests="2" failures="0" timestamp="2 Sep 2018 15:10:09 GMT" time="10.781" errors="0">
  <testcase name="loginFacebookPage" time="10.537" classname="com.testfacebooklogin.test.TestFacebookLogin"/>
  <testcase name="checkLoginSuccessful" time="0.244" classname="com.testfacebooklogin.test.TestFacebookLogin"/>
</testsuite> <!-- com.testfacebooklogin.test.TestFacebookLogin -->
